<?xml version="1.0" encoding="UTF-8"?>
<!-- Generated by org.testng.reporters.JUnitReportReporter -->
<testsuite hostname="user1" failures="0" tests="1" name="testScripts.AutomationPracticePage" time="5.505" errors="0" timestamp="2025-03-25T16:23:01 IST" skipped="0">
  <testcase classname="testScripts.AutomationPracticePage" name="practice" time="5.505"/>
</testsuite> <!-- testScripts.AutomationPracticePage -->
