<?xml version="1.0" encoding="UTF-8"?>
<!-- Generated by org.testng.reporters.JUnitReportReporter -->
<testsuite hostname="user1" failures="0" tests="1" name="testScripts.SeleniumDev" time="2.813" errors="0" timestamp="2025-03-25T17:15:18 IST" skipped="0">
  <testcase classname="testScripts.SeleniumDev" name="sample" time="2.813"/>
</testsuite> <!-- testScripts.SeleniumDev -->
