<?xml version="1.0" encoding="UTF-8"?>
<!-- Generated by org.testng.reporters.JUnitReportReporter -->
<testsuite hostname="user1" failures="0" tests="1" name="testScripts.LambdaTestPage" time="6.553" errors="0" timestamp="2025-03-25T16:49:03 IST" skipped="0">
  <testcase classname="testScripts.LambdaTestPage" name="lambdatest" time="6.553"/>
</testsuite> <!-- testScripts.LambdaTestPage -->
