<?xml version="1.0" encoding="UTF-8"?>
<!-- Generated by org.testng.reporters.JUnitReportReporter -->
<testsuite hostname="user1" failures="0" tests="1" name="testScripts.RelativeLocators" time="3.996" errors="0" timestamp="2025-03-25T17:49:25 IST" skipped="0">
  <testcase classname="testScripts.RelativeLocators" name="test" time="3.996"/>
</testsuite> <!-- testScripts.RelativeLocators -->
